<?xml version="1.0" encoding="UTF-8"?>
<!-- Generated by org.testng.reporters.JUnitXMLReporter -->
<testsuite hostname="DAL-5CON144-9W7" ignored="2" name="Default test" tests="1" failures="0" timestamp="13 Mar 2018 11:55:38 GMT" time="20.005" errors="0">
  <testcase name="loginToPHR" time="19.968" classname="profilingTest.profilingAutomationTesting"/>
  <testcase name="phrPatientSummaryTest" time="0.0" classname="profilingTest.profilingAutomationTesting">
    <ignored/>
  </testcase> <!-- phrPatientSummaryTest -->
  <testcase name="phrValidationPage" time="0.0" classname="profilingTest.profilingAutomationTesting">
    <ignored/>
  </testcase> <!-- phrValidationPage -->
</testsuite> <!-- Default test -->
