<?xml version="1.0" encoding="UTF-8"?>
<testng-results skipped="0" failed="0" ignored="2" total="3" passed="1">
  <reporter-output>
  </reporter-output>
  <suite name="Default suite" duration-ms="20005" started-at="2018-03-13T11:55:17Z" finished-at="2018-03-13T11:55:37Z">
    <groups>
    </groups>
    <test name="Default test" duration-ms="20005" started-at="2018-03-13T11:55:17Z" finished-at="2018-03-13T11:55:37Z">
      <class name="profilingTest.profilingAutomationTesting">
        <test-method status="PASS" signature="login()[pri:0, instance:profilingTest.profilingAutomationTesting@3f49dace]" name="login" is-config="true" duration-ms="12588" started-at="2018-03-13T17:25:05Z" finished-at="2018-03-13T17:25:17Z">
          <reporter-output>
          </reporter-output>
        </test-method> <!-- login -->
        <test-method status="PASS" signature="loginToPHR()[pri:0, instance:profilingTest.profilingAutomationTesting@3f49dace]" name="loginToPHR" duration-ms="19968" started-at="2018-03-13T17:25:17Z" finished-at="2018-03-13T17:25:37Z">
          <reporter-output>
          </reporter-output>
        </test-method> <!-- loginToPHR -->
      </class> <!-- profilingTest.profilingAutomationTesting -->
    </test> <!-- Default test -->
  </suite> <!-- Default suite -->
</testng-results>
